d:\учеба\кгик\лабараторная 8\laba8\laba8\debug\laba8.pch
d:\учеба\кгик\лабараторная 8\laba8\laba8\debug\vc140.pdb
d:\учеба\кгик\лабараторная 8\laba8\laba8\debug\vc140.idb
d:\учеба\кгик\лабараторная 8\laba8\laba8\debug\stdafx.obj
d:\учеба\кгик\лабараторная 8\laba8\laba8\debug\childview.obj
d:\учеба\кгик\лабараторная 8\laba8\laba8\debug\cmatrix.obj
d:\учеба\кгик\лабараторная 8\laba8\laba8\debug\libgraph.obj
d:\учеба\кгик\лабараторная 8\laba8\laba8\debug\liblabs3d.obj
d:\учеба\кгик\лабараторная 8\laba8\laba8\debug\mainfrm.obj
d:\учеба\кгик\лабараторная 8\laba8\laba8\debug\laba8.obj
g:\лабараторная 8\laba8\laba8\debug\laba8.pch
g:\лабараторная 8\laba8\laba8\debug\vc141.pdb
g:\лабараторная 8\laba8\laba8\debug\vc141.idb
g:\лабараторная 8\laba8\laba8\debug\stdafx.obj
g:\лабараторная 8\laba8\laba8\debug\childview.obj
g:\лабараторная 8\laba8\laba8\debug\cmatrix.obj
g:\лабараторная 8\laba8\laba8\debug\libgraph.obj
g:\лабараторная 8\laba8\laba8\debug\liblabs3d.obj
g:\лабараторная 8\laba8\laba8\debug\mainfrm.obj
g:\лабараторная 8\laba8\laba8\debug\laba8.obj
d:\учеба\кгик\лабараторная 8\laba8\debug\laba8.ilk
d:\учеба\кгик\лабараторная 8\laba8\debug\laba8.exe
d:\учеба\кгик\лабараторная 8\laba8\debug\laba8.pdb
g:\лабараторная 8\laba8\debug\laba8.ilk
g:\лабараторная 8\laba8\debug\laba8.exe
g:\лабараторная 8\laba8\debug\laba8.pdb
d:\учеба\кгик\лабараторная 8\laba8\laba8\debug\laba8.res
g:\лабараторная 8\laba8\laba8\debug\laba8.res
d:\2-й курс\2-й семестр\компьютерная геометрия и графика\laba8\laba8\debug\childview.obj
d:\2-й курс\2-й семестр\компьютерная геометрия и графика\laba8\laba8\debug\cmatrix.obj
d:\2-й курс\2-й семестр\компьютерная геометрия и графика\laba8\laba8\debug\laba8.obj
d:\2-й курс\2-й семестр\компьютерная геометрия и графика\laba8\laba8\debug\libgraph.obj
d:\2-й курс\2-й семестр\компьютерная геометрия и графика\laba8\laba8\debug\liblabs3d.obj
d:\2-й курс\2-й семестр\компьютерная геометрия и графика\laba8\laba8\debug\mainfrm.obj
d:\2-й курс\2-й семестр\компьютерная геометрия и графика\laba8\laba8\debug\stdafx.obj
d:\2-й курс\2-й семестр\компьютерная геометрия и графика\laba8\laba8\debug\laba8.res
d:\2-й курс\2-й семестр\компьютерная геометрия и графика\laba8\laba8\debug\laba8.pch
d:\2-й курс\2-й семестр\компьютерная геометрия и графика\laba8\laba8\debug\vc140.idb
d:\2-й курс\2-й семестр\компьютерная геометрия и графика\laba8\laba8\debug\vc141.idb
d:\2-й курс\2-й семестр\компьютерная геометрия и графика\laba8\laba8\debug\vc140.pdb
d:\2-й курс\2-й семестр\компьютерная геометрия и графика\laba8\laba8\debug\vc141.pdb
d:\2-й курс\2-й семестр\компьютерная геометрия и графика\laba8\debug\laba8.pdb
d:\2-й курс\2-й семестр\компьютерная геометрия и графика\laba8\debug\laba8.exe
d:\2-й курс\2-й семестр\компьютерная геометрия и графика\laba8\debug\laba8.ilk
d:\2-й курс\2-й семестр\компьютерная геометрия и графика\laba8\laba8\debug\laba8.tlog\cl.command.1.tlog
d:\2-й курс\2-й семестр\компьютерная геометрия и графика\laba8\laba8\debug\laba8.tlog\cl.read.1.tlog
d:\2-й курс\2-й семестр\компьютерная геометрия и графика\laba8\laba8\debug\laba8.tlog\cl.write.1.tlog
d:\2-й курс\2-й семестр\компьютерная геометрия и графика\laba8\laba8\debug\laba8.tlog\link.command.1.tlog
d:\2-й курс\2-й семестр\компьютерная геометрия и графика\laba8\laba8\debug\laba8.tlog\link.read.1.tlog
d:\2-й курс\2-й семестр\компьютерная геометрия и графика\laba8\laba8\debug\laba8.tlog\link.write.1.tlog
d:\2-й курс\2-й семестр\компьютерная геометрия и графика\laba8\laba8\debug\laba8.tlog\rc.command.1.tlog
d:\2-й курс\2-й семестр\компьютерная геометрия и графика\laba8\laba8\debug\laba8.tlog\rc.read.1.tlog
d:\2-й курс\2-й семестр\компьютерная геометрия и графика\laba8\laba8\debug\laba8.tlog\rc.write.1.tlog
