d:\документы\университет\4 семестр\кгиг\лабораторные\lab6\lab-6\debug\vc141.pdb
d:\документы\университет\4 семестр\кгиг\лабораторные\lab6\lab-6\debug\vc141.idb
d:\документы\университет\4 семестр\кгиг\лабораторные\lab6\lab-6\debug\stdafx.obj
d:\документы\университет\4 семестр\кгиг\лабораторные\lab6\lab-6\debug\main.obj
d:\документы\университет\4 семестр\кгиг\лабораторные\lab6\lab-6\debug\libsurface.obj
d:\документы\университет\4 семестр\кгиг\лабораторные\lab6\lab-6\debug\libgraph.obj
d:\документы\университет\4 семестр\кгиг\лабораторные\lab6\lab-6\debug\cmatrix.obj
d:\документы\университет\4 семестр\кгиг\лабораторные\lab6\debug\lab-6.ilk
d:\документы\университет\4 семестр\кгиг\лабораторные\lab6\debug\lab-6.exe
d:\документы\университет\4 семестр\кгиг\лабораторные\lab6\debug\lab-6.pdb
d:\документы\университет\4 семестр\кгиг\лабораторные\lab6\lab-6\debug\lab2_daa.res
d:\документы\университет\4 семестр\кгиг\лабораторные\lab6\lab-6\debug\vc120.idb
d:\документы\университет\4 семестр\кгиг\лабораторные\lab6\lab-6\debug\vc120.pdb
d:\документы\университет\4 семестр\кгиг\лабораторные\lab6\lab-6\debug\lab-6.tlog\cl.command.1.tlog
d:\документы\университет\4 семестр\кгиг\лабораторные\lab6\lab-6\debug\lab-6.tlog\cl.read.1.tlog
d:\документы\университет\4 семестр\кгиг\лабораторные\lab6\lab-6\debug\lab-6.tlog\cl.write.1.tlog
d:\документы\университет\4 семестр\кгиг\лабораторные\lab6\lab-6\debug\lab-6.tlog\link.command.1.tlog
d:\документы\университет\4 семестр\кгиг\лабораторные\lab6\lab-6\debug\lab-6.tlog\link.delete.1.tlog
d:\документы\университет\4 семестр\кгиг\лабораторные\lab6\lab-6\debug\lab-6.tlog\link.read.1.tlog
d:\документы\университет\4 семестр\кгиг\лабораторные\lab6\lab-6\debug\lab-6.tlog\link.write.1.tlog
d:\документы\университет\4 семестр\кгиг\лабораторные\lab6\lab-6\debug\lab-6.tlog\rc.command.1.tlog
d:\документы\университет\4 семестр\кгиг\лабораторные\lab6\lab-6\debug\lab-6.tlog\rc.read.1.tlog
d:\документы\университет\4 семестр\кгиг\лабораторные\lab6\lab-6\debug\lab-6.tlog\rc.write.1.tlog
